#
# There is insufficient memory for the Java Runtime Environment to continue.
# Native memory allocation (malloc) failed to allocate 1114736 bytes for Chunk::new
# Possible reasons:
#   The system is out of physical RAM or swap space
#   The process is running with CompressedOops enabled, and the Java Heap may be blocking the growth of the native heap
# Possible solutions:
#   Reduce memory load on the system
#   Increase physical memory or swap space
#   Check if swap backing store is full
#   Decrease Java heap size (-Xmx/-Xms)
#   Decrease number of Java threads
#   Decrease Java thread stack sizes (-Xss)
#   Set larger code cache with -XX:ReservedCodeCacheSize=
#   JVM is running with Unscaled Compressed Oops mode in which the Java heap is
#     placed in the first 4GB address space. The Java Heap base address is the
#     maximum limit for the native heap growth. Please use -XX:HeapBaseMinAddress
#     to set the Java Heap base and to place the Java Heap above 4GB virtual address.
# This output file may be truncated or incomplete.
#
#  Out of Memory Error (allocation.cpp:389), pid=20388, tid=0x00000000000050c0
#
# JRE version: Java(TM) SE Runtime Environment (8.0_202-b08) (build 1.8.0_202-b08)
# Java VM: Java HotSpot(TM) 64-Bit Server VM (25.202-b08 mixed mode windows-amd64 compressed oops)
# Failed to write core dump. Minidumps are not enabled by default on client versions of Windows
#

---------------  T H R E A D  ---------------

Current thread (0x0000000017433000):  JavaThread "C2 CompilerThread1" daemon [_thread_in_native, id=20672, stack(0x0000000018b70000,0x0000000018c70000)]

Stack: [0x0000000018b70000,0x0000000018c70000]
[error occurred during error reporting (printing stack bounds), id 0xc0000005]

Native frames: (J=compiled Java code, j=interpreted, Vv=VM code, C=native code)


Current CompileTask:
C2:  11365 4410   !   4       java.net.URL::<init> (543 bytes)


---------------  P R O C E S S  ---------------

Java Threads: ( => current thread )
  0x000000001a71e800 JavaThread "HikariPool-1 connection adder" daemon [_thread_blocked, id=19096, stack(0x0000000020eb0000,0x0000000020fb0000)]
  0x00000000199d3800 JavaThread "HikariPool-1 housekeeper" daemon [_thread_blocked, id=6432, stack(0x0000000020db0000,0x0000000020eb0000)]
  0x000000001a616000 JavaThread "container-0" [_thread_blocked, id=16344, stack(0x00000000209b0000,0x0000000020ab0000)]
  0x0000000019a85000 JavaThread "Catalina-utility-2" [_thread_blocked, id=15652, stack(0x000000001cea0000,0x000000001cfa0000)]
  0x000000001a5c3000 JavaThread "Catalina-utility-1" [_thread_blocked, id=1312, stack(0x000000001ad80000,0x000000001ae80000)]
  0x0000000019fa4800 JavaThread "restartedMain" [_thread_in_Java, id=23580, stack(0x000000001ae90000,0x000000001af90000)]
  0x0000000019fa3800 JavaThread "Thread-0" [_thread_blocked, id=24376, stack(0x000000001ac80000,0x000000001ad80000)]
  0x0000000018d98800 JavaThread "Service Thread" daemon [_thread_blocked, id=23420, stack(0x0000000019170000,0x0000000019270000)]
  0x000000001743d800 JavaThread "C1 CompilerThread2" daemon [_thread_blocked, id=18644, stack(0x0000000018c70000,0x0000000018d70000)]
=>0x0000000017433000 JavaThread "C2 CompilerThread1" daemon [_thread_in_native, id=20672, stack(0x0000000018b70000,0x0000000018c70000)]
  0x0000000017431000 JavaThread "C2 CompilerThread0" daemon [_thread_in_native, id=15084, stack(0x0000000018a70000,0x0000000018b70000)]
  0x000000001742b800 JavaThread "Attach Listener" daemon [_thread_blocked, id=5424, stack(0x0000000018970000,0x0000000018a70000)]
  0x000000001742a800 JavaThread "Signal Dispatcher" daemon [_thread_blocked, id=6836, stack(0x0000000018870000,0x0000000018970000)]
  0x000000000295e000 JavaThread "Finalizer" daemon [_thread_blocked, id=26584, stack(0x0000000018670000,0x0000000018770000)]
  0x0000000002955000 JavaThread "Reference Handler" daemon [_thread_blocked, id=23848, stack(0x0000000018570000,0x0000000018670000)]
  0x0000000002864800 JavaThread "main" [_thread_blocked, id=26284, stack(0x0000000002730000,0x0000000002830000)]

Other Threads:
  0x00000000173e7800 VMThread [stack: 0x0000000018470000,0x0000000018570000] [id=18916]
  0x0000000017478800 WatcherThread [stack: 0x0000000019270000,0x0000000019370000] [id=21728]

VM state:not at safepoint (normal execution)

VM Mutex/Monitor currently owned by a thread: None

heap address: 0x0000000083a00000, size: 1990 MB, Compressed Oops mode: 32-bit
Narrow klass base: 0x0000000000000000, Narrow klass shift: 3
Compressed class space size: 1073741824 Address: 0x0000000100000000

Heap:
 PSYoungGen      total 151552K, used 89122K [0x00000000d6900000, 0x00000000e3a80000, 0x0000000100000000)
  eden space 137728K, 64% used [0x00000000d6900000,0x00000000dc008958,0x00000000def80000)
  from space 13824K, 0% used [0x00000000def80000,0x00000000def80000,0x00000000dfd00000)
  to   space 15360K, 0% used [0x00000000e2b80000,0x00000000e2b80000,0x00000000e3a80000)
 ParOldGen       total 92160K, used 18046K [0x0000000083a00000, 0x0000000089400000, 0x00000000d6900000)
  object space 92160K, 19% used [0x0000000083a00000,0x0000000084b9fa90,0x0000000089400000)
 Metaspace       used 43606K, capacity 45292K, committed 45568K, reserved 1089536K
  class space    used 5762K, capacity 6101K, committed 6144K, reserved 1048576K

Card table byte_map: [0x0000000011dd0000,0x00000000121c0000] byte_map_base: 0x00000000119b3000

Marking Bits: (ParMarkBitMap*) 0x0000000058445ce0
 Begin Bits: [0x0000000012860000, 0x0000000014778000)
 End Bits:   [0x0000000014778000, 0x0000000016690000)

Polling page: 0x0000000000f60000

CodeCache: size=245760Kb used=14454Kb max_used=14454Kb free=231305Kb
 bounds [0x0000000002a10000, 0x0000000003840000, 0x0000000011a10000]
 total_blobs=4484 nmethods=4023 adapters=373
 compilation: enabled

Compilation events (10 events):
Event: 11.315 Thread 0x000000001743d800 nmethod 4511 0x0000000002f5e790 code [0x0000000002f5e8e0, 0x0000000002f5e9f0]
Event: 11.315 Thread 0x000000001743d800 4512       1       org.hibernate.boot.model.source.spi.AbstractAttributeKey::getDepth (5 bytes)
Event: 11.315 Thread 0x000000001743d800 nmethod 4512 0x0000000002f5e4d0 code [0x0000000002f5e620, 0x0000000002f5e730]
Event: 11.315 Thread 0x000000001743d800 4513       1       org.hibernate.boot.internal.MetadataBuildingContextRootImpl$1::getBuildingContext (5 bytes)
Event: 11.315 Thread 0x000000001743d800 nmethod 4513 0x0000000002f5e210 code [0x0000000002f5e360, 0x0000000002f5e470]
Event: 11.315 Thread 0x000000001743d800 4514       1       org.hibernate.cfg.InheritanceState::isEmbeddableSuperclass (5 bytes)
Event: 11.315 Thread 0x000000001743d800 nmethod 4514 0x0000000002f5df50 code [0x0000000002f5e0a0, 0x0000000002f5e1b0]
Event: 11.315 Thread 0x000000001743d800 4515       3       org.hibernate.boot.model.source.spi.AbstractAttributeKey::<init> (105 bytes)
Event: 11.317 Thread 0x000000001743d800 nmethod 4515 0x0000000002f5bb50 code [0x0000000002f5be00, 0x0000000002f5d438]
Event: 11.317 Thread 0x000000001743d800 4516       1       org.hibernate.boot.model.source.spi.AbstractAttributeKey::getProperty (5 bytes)

GC Heap History (10 events):
Event: 3.917 GC heap before
{Heap before GC invocations=7 (full 1):
 PSYoungGen      total 70656K, used 65533K [0x00000000d6900000, 0x00000000dfa00000, 0x0000000100000000)
  eden space 65536K, 99% used [0x00000000d6900000,0x00000000da8ff578,0x00000000da900000)
  from space 5120K, 0% used [0x00000000da900000,0x00000000da900000,0x00000000dae00000)
  to   space 8704K, 0% used [0x00000000df180000,0x00000000df180000,0x00000000dfa00000)
 ParOldGen       total 56832K, used 6026K [0x0000000083a00000, 0x0000000087180000, 0x00000000d6900000)
  object space 56832K, 10% used [0x0000000083a00000,0x0000000083fe2b98,0x0000000087180000)
 Metaspace       used 22668K, capacity 23262K, committed 23472K, reserved 1069056K
  class space    used 2791K, capacity 2971K, committed 3072K, reserved 1048576K
Event: 3.922 GC heap after
Heap after GC invocations=7 (full 1):
 PSYoungGen      total 101376K, used 3449K [0x00000000d6900000, 0x00000000df500000, 0x0000000100000000)
  eden space 97792K, 0% used [0x00000000d6900000,0x00000000d6900000,0x00000000dc880000)
  from space 3584K, 96% used [0x00000000df180000,0x00000000df4de540,0x00000000df500000)
  to   space 8704K, 0% used [0x00000000de400000,0x00000000de400000,0x00000000dec80000)
 ParOldGen       total 56832K, used 6034K [0x0000000083a00000, 0x0000000087180000, 0x00000000d6900000)
  object space 56832K, 10% used [0x0000000083a00000,0x0000000083fe4b98,0x0000000087180000)
 Metaspace       used 22668K, capacity 23262K, committed 23472K, reserved 1069056K
  class space    used 2791K, capacity 2971K, committed 3072K, reserved 1048576K
}
Event: 6.043 GC heap before
{Heap before GC invocations=8 (full 1):
 PSYoungGen      total 101376K, used 101241K [0x00000000d6900000, 0x00000000df500000, 0x0000000100000000)
  eden space 97792K, 100% used [0x00000000d6900000,0x00000000dc880000,0x00000000dc880000)
  from space 3584K, 96% used [0x00000000df180000,0x00000000df4de540,0x00000000df500000)
  to   space 8704K, 0% used [0x00000000de400000,0x00000000de400000,0x00000000dec80000)
 ParOldGen       total 56832K, used 6034K [0x0000000083a00000, 0x0000000087180000, 0x00000000d6900000)
  object space 56832K, 10% used [0x0000000083a00000,0x0000000083fe4b98,0x0000000087180000)
 Metaspace       used 27190K, capacity 28220K, committed 28288K, reserved 1073152K
  class space    used 3411K, capacity 3647K, committed 3712K, reserved 1048576K
Event: 6.053 GC heap after
Heap after GC invocations=8 (full 1):
 PSYoungGen      total 134656K, used 8690K [0x00000000d6900000, 0x00000000e0700000, 0x0000000100000000)
  eden space 125952K, 0% used [0x00000000d6900000,0x00000000d6900000,0x00000000de400000)
  from space 8704K, 99% used [0x00000000de400000,0x00000000dec7c9c8,0x00000000dec80000)
  to   space 10240K, 0% used [0x00000000dfd00000,0x00000000dfd00000,0x00000000e0700000)
 ParOldGen       total 56832K, used 6198K [0x0000000083a00000, 0x0000000087180000, 0x00000000d6900000)
  object space 56832K, 10% used [0x0000000083a00000,0x000000008400d858,0x0000000087180000)
 Metaspace       used 27190K, capacity 28220K, committed 28288K, reserved 1073152K
  class space    used 3411K, capacity 3647K, committed 3712K, reserved 1048576K
}
Event: 8.366 GC heap before
{Heap before GC invocations=9 (full 1):
 PSYoungGen      total 134656K, used 134642K [0x00000000d6900000, 0x00000000e0700000, 0x0000000100000000)
  eden space 125952K, 100% used [0x00000000d6900000,0x00000000de400000,0x00000000de400000)
  from space 8704K, 99% used [0x00000000de400000,0x00000000dec7c9c8,0x00000000dec80000)
  to   space 10240K, 0% used [0x00000000dfd00000,0x00000000dfd00000,0x00000000e0700000)
 ParOldGen       total 56832K, used 6198K [0x0000000083a00000, 0x0000000087180000, 0x00000000d6900000)
  object space 56832K, 10% used [0x0000000083a00000,0x000000008400d858,0x0000000087180000)
 Metaspace       used 32663K, capacity 34202K, committed 34432K, reserved 1079296K
  class space    used 4116K, capacity 4398K, committed 4480K, reserved 1048576K
Event: 8.385 GC heap after
Heap after GC invocations=9 (full 1):
 PSYoungGen      total 147968K, used 10239K [0x00000000d6900000, 0x00000000e3400000, 0x0000000100000000)
  eden space 137728K, 0% used [0x00000000d6900000,0x00000000d6900000,0x00000000def80000)
  from space 10240K, 99% used [0x00000000dfd00000,0x00000000e06ffd00,0x00000000e0700000)
  to   space 13824K, 0% used [0x00000000def80000,0x00000000def80000,0x00000000dfd00000)
 ParOldGen       total 56832K, used 10886K [0x0000000083a00000, 0x0000000087180000, 0x00000000d6900000)
  object space 56832K, 19% used [0x0000000083a00000,0x00000000844a1a50,0x0000000087180000)
 Metaspace       used 32663K, capacity 34202K, committed 34432K, reserved 1079296K
  class space    used 4116K, capacity 4398K, committed 4480K, reserved 1048576K
}
Event: 8.779 GC heap before
{Heap before GC invocations=10 (full 1):
 PSYoungGen      total 147968K, used 36275K [0x00000000d6900000, 0x00000000e3400000, 0x0000000100000000)
  eden space 137728K, 18% used [0x00000000d6900000,0x00000000d826cf48,0x00000000def80000)
  from space 10240K, 99% used [0x00000000dfd00000,0x00000000e06ffd00,0x00000000e0700000)
  to   space 13824K, 0% used [0x00000000def80000,0x00000000def80000,0x00000000dfd00000)
 ParOldGen       total 56832K, used 10886K [0x0000000083a00000, 0x0000000087180000, 0x00000000d6900000)
  object space 56832K, 19% used [0x0000000083a00000,0x00000000844a1a50,0x0000000087180000)
 Metaspace       used 33812K, capacity 35370K, committed 35496K, reserved 1081344K
  class space    used 4250K, capacity 4558K, committed 4608K, reserved 1048576K
Event: 8.793 GC heap after
Heap after GC invocations=10 (full 1):
 PSYoungGen      total 151552K, used 12123K [0x00000000d6900000, 0x00000000e3a80000, 0x0000000100000000)
  eden space 137728K, 0% used [0x00000000d6900000,0x00000000d6900000,0x00000000def80000)
  from space 13824K, 87% used [0x00000000def80000,0x00000000dfb56d80,0x00000000dfd00000)
  to   space 15360K, 0% used [0x00000000e2b80000,0x00000000e2b80000,0x00000000e3a80000)
 ParOldGen       total 56832K, used 10894K [0x0000000083a00000, 0x0000000087180000, 0x00000000d6900000)
  object space 56832K, 19% used [0x0000000083a00000,0x00000000844a3a50,0x0000000087180000)
 Metaspace       used 33812K, capacity 35370K, committed 35496K, reserved 1081344K
  class space    used 4250K, capacity 4558K, committed 4608K, reserved 1048576K
}
Event: 8.793 GC heap before
{Heap before GC invocations=11 (full 2):
 PSYoungGen      total 151552K, used 12123K [0x00000000d6900000, 0x00000000e3a80000, 0x0000000100000000)
  eden space 137728K, 0% used [0x00000000d6900000,0x00000000d6900000,0x00000000def80000)
  from space 13824K, 87% used [0x00000000def80000,0x00000000dfb56d80,0x00000000dfd00000)
  to   space 15360K, 0% used [0x00000000e2b80000,0x00000000e2b80000,0x00000000e3a80000)
 ParOldGen       total 56832K, used 10894K [0x0000000083a00000, 0x0000000087180000, 0x00000000d6900000)
  object space 56832K, 19% used [0x0000000083a00000,0x00000000844a3a50,0x0000000087180000)
 Metaspace       used 33812K, capacity 35370K, committed 35496K, reserved 1081344K
  class space    used 4250K, capacity 4558K, committed 4608K, reserved 1048576K
Event: 8.876 GC heap after
Heap after GC invocations=11 (full 2):
 PSYoungGen      total 151552K, used 0K [0x00000000d6900000, 0x00000000e3a80000, 0x0000000100000000)
  eden space 137728K, 0% used [0x00000000d6900000,0x00000000d6900000,0x00000000def80000)
  from space 13824K, 0% used [0x00000000def80000,0x00000000def80000,0x00000000dfd00000)
  to   space 15360K, 0% used [0x00000000e2b80000,0x00000000e2b80000,0x00000000e3a80000)
 ParOldGen       total 92160K, used 18046K [0x0000000083a00000, 0x0000000089400000, 0x00000000d6900000)
  object space 92160K, 19% used [0x0000000083a00000,0x0000000084b9fa90,0x0000000089400000)
 Metaspace       used 33812K, capacity 35370K, committed 35496K, reserved 1081344K
  class space    used 4250K, capacity 4558K, committed 4608K, reserved 1048576K
}

Deoptimization events (10 events):
Event: 10.041 Thread 0x0000000019fa4800 Uncommon trap: reason=class_check action=maybe_recompile pc=0x000000000344fb94 method=java.util.AbstractList$Itr.hasNext()Z @ 8
Event: 10.041 Thread 0x0000000019fa4800 Uncommon trap: reason=class_check action=maybe_recompile pc=0x0000000003627e84 method=java.util.AbstractList$Itr.next()Ljava/lang/Object; @ 14
Event: 10.044 Thread 0x0000000019fa4800 Uncommon trap: reason=class_check action=maybe_recompile pc=0x000000000344fb94 method=java.util.AbstractList$Itr.hasNext()Z @ 8
Event: 10.044 Thread 0x0000000019fa4800 Uncommon trap: reason=class_check action=maybe_recompile pc=0x0000000003627e84 method=java.util.AbstractList$Itr.next()Ljava/lang/Object; @ 14
Event: 10.044 Thread 0x0000000019fa4800 Uncommon trap: reason=class_check action=maybe_recompile pc=0x000000000344fb94 method=java.util.AbstractList$Itr.hasNext()Z @ 8
Event: 10.044 Thread 0x0000000019fa4800 Uncommon trap: reason=class_check action=maybe_recompile pc=0x0000000003627e84 method=java.util.AbstractList$Itr.next()Ljava/lang/Object; @ 14
Event: 10.212 Thread 0x0000000019fa4800 Uncommon trap: reason=bimorphic action=maybe_recompile pc=0x0000000002ef7254 method=java.lang.ClassLoader.loadClass(Ljava/lang/String;Z)Ljava/lang/Class; @ 70
Event: 10.213 Thread 0x0000000019fa4800 Uncommon trap: reason=bimorphic action=maybe_recompile pc=0x0000000002ef7254 method=java.lang.ClassLoader.loadClass(Ljava/lang/String;Z)Ljava/lang/Class; @ 70
Event: 10.746 Thread 0x0000000019fa4800 Uncommon trap: reason=bimorphic action=maybe_recompile pc=0x0000000002ef7254 method=java.lang.ClassLoader.loadClass(Ljava/lang/String;Z)Ljava/lang/Class; @ 70
Event: 11.017 Thread 0x0000000019fa4800 Uncommon trap: reason=bimorphic action=maybe_recompile pc=0x0000000002ef7254 method=java.lang.ClassLoader.loadClass(Ljava/lang/String;Z)Ljava/lang/Class; @ 70

Classes redefined (0 events):
No events

Internal exceptions (10 events):
Event: 8.664 Thread 0x0000000019fa4800 Implicit null exception at 0x000000000363644d to 0x00000000036369bc
Event: 8.664 Thread 0x0000000019fa4800 Exception <a 'java/lang/NullPointerException'> (0x00000000d7b11130) thrown at [C:\re\workspace\8-2-build-windows-amd64-cygwin\jdk8u202\12323\hotspot\src\share\vm\runtime\sharedRuntime.cpp, line 605]
Event: 8.664 Thread 0x0000000019fa4800 Implicit null exception at 0x000000000363644d to 0x00000000036369bc
Event: 8.664 Thread 0x0000000019fa4800 Exception <a 'java/lang/NullPointerException'> (0x00000000d7b11f08) thrown at [C:\re\workspace\8-2-build-windows-amd64-cygwin\jdk8u202\12323\hotspot\src\share\vm\runtime\sharedRuntime.cpp, line 605]
Event: 8.664 Thread 0x0000000019fa4800 Implicit null exception at 0x000000000363644d to 0x00000000036369bc
Event: 8.664 Thread 0x0000000019fa4800 Exception <a 'java/lang/NullPointerException'> (0x00000000d7b12d48) thrown at [C:\re\workspace\8-2-build-windows-amd64-cygwin\jdk8u202\12323\hotspot\src\share\vm\runtime\sharedRuntime.cpp, line 605]
Event: 8.664 Thread 0x0000000019fa4800 Implicit null exception at 0x000000000363644d to 0x00000000036369bc
Event: 8.664 Thread 0x0000000019fa4800 Exception <a 'java/lang/NullPointerException'> (0x00000000d7b13b10) thrown at [C:\re\workspace\8-2-build-windows-amd64-cygwin\jdk8u202\12323\hotspot\src\share\vm\runtime\sharedRuntime.cpp, line 605]
Event: 9.431 Thread 0x00000000199d3800 Implicit null exception at 0x000000000312010f to 0x0000000003121f61
Event: 10.908 Thread 0x0000000019fa4800 Exception <a 'java/lang/reflect/InvocationTargetException'> (0x00000000dae44658) thrown at [C:\re\workspace\8-2-build-windows-amd64-cygwin\jdk8u202\12323\hotspot\src\share\vm\runtime\reflection.cpp, line 1092]

Events (10 events):
Event: 11.305 loading class org/hibernate/cfg/annotations/CollectionBinder$1
Event: 11.305 loading class org/hibernate/cfg/annotations/CollectionBinder$1 done
Event: 11.306 loading class org/hibernate/cfg/CollectionSecondPass
Event: 11.306 loading class org/hibernate/cfg/CollectionSecondPass done
Event: 11.307 loading class org/hibernate/internal/CoreMessageLogger_$logger_en_IN
Event: 11.307 loading class org/hibernate/internal/CoreMessageLogger_$logger_en_IN done
Event: 11.307 loading class org/hibernate/internal/CoreMessageLogger_$logger_en
Event: 11.307 loading class org/hibernate/internal/CoreMessageLogger_$logger_en done
Event: 11.307 loading class org/hibernate/boot/model/source/internal/ImplicitColumnNamingSecondPass
Event: 11.307 loading class org/hibernate/boot/model/source/internal/ImplicitColumnNamingSecondPass done


Dynamic libraries:
0x00007ff71a340000 - 0x00007ff71a377000 	D:\Program Files\Java\jdk1.8.0_202\bin\javaw.exe
0x00007ff80ad10000 - 0x00007ff80af08000 	C:\Windows\SYSTEM32\ntdll.dll
0x00007ff809440000 - 0x00007ff8094ff000 	C:\Windows\System32\KERNEL32.DLL
0x00007ff808610000 - 0x00007ff8088ea000 	C:\Windows\System32\KERNELBASE.dll
0x00007ff80ab80000 - 0x00007ff80ac2e000 	C:\Windows\System32\ADVAPI32.dll
0x00007ff809e00000 - 0x00007ff809e9e000 	C:\Windows\System32\msvcrt.dll
0x00007ff80ac30000 - 0x00007ff80accc000 	C:\Windows\System32\sechost.dll
0x00007ff809870000 - 0x00007ff809996000 	C:\Windows\System32\RPCRT4.dll
0x00007ff80a9e0000 - 0x00007ff80ab7d000 	C:\Windows\System32\USER32.dll
0x00007ff8084d0000 - 0x00007ff8084f2000 	C:\Windows\System32\win32u.dll
0x00007ff809330000 - 0x00007ff80935b000 	C:\Windows\System32\GDI32.dll
0x00007ff808500000 - 0x00007ff808610000 	C:\Windows\System32\gdi32full.dll
0x00007ff808c30000 - 0x00007ff808ccd000 	C:\Windows\System32\msvcp_win.dll
0x00007ff808ae0000 - 0x00007ff808be0000 	C:\Windows\System32\ucrtbase.dll
0x00007fffe54d0000 - 0x00007fffe576a000 	C:\Windows\WinSxS\amd64_microsoft.windows.common-controls_6595b64144ccf1df_6.0.19041.1110_none_60b5254171f9507e\COMCTL32.dll
0x00007ff808e30000 - 0x00007ff808e60000 	C:\Windows\System32\IMM32.DLL
0x00000000584d0000 - 0x00000000585a2000 	D:\Program Files\Java\jdk1.8.0_202\jre\bin\msvcr100.dll
0x0000000057c20000 - 0x00000000584c5000 	D:\Program Files\Java\jdk1.8.0_202\jre\bin\server\jvm.dll
0x00007ff808d70000 - 0x00007ff808d78000 	C:\Windows\System32\PSAPI.DLL
0x00007ff801a00000 - 0x00007ff801a0a000 	C:\Windows\SYSTEM32\VERSION.dll
0x00007fffe1940000 - 0x00007fffe1967000 	C:\Windows\SYSTEM32\WINMM.dll
0x00007ffffa3d0000 - 0x00007ffffa3d9000 	C:\Windows\SYSTEM32\WSOCK32.dll
0x00007ff809d20000 - 0x00007ff809d8b000 	C:\Windows\System32\WS2_32.dll
0x00007ff8031d0000 - 0x00007ff8031df000 	D:\Program Files\Java\jdk1.8.0_202\jre\bin\verify.dll
0x00007ff801790000 - 0x00007ff8017b9000 	D:\Program Files\Java\jdk1.8.0_202\jre\bin\java.dll
0x00007ff801800000 - 0x00007ff801816000 	D:\Program Files\Java\jdk1.8.0_202\jre\bin\zip.dll
0x00007ff80a290000 - 0x00007ff80a9d4000 	C:\Windows\System32\SHELL32.dll
0x00007ff8064c0000 - 0x00007ff806c53000 	C:\Windows\SYSTEM32\windows.storage.dll
0x00007ff809510000 - 0x00007ff809864000 	C:\Windows\System32\combase.dll
0x00007ff807da0000 - 0x00007ff807dce000 	C:\Windows\SYSTEM32\Wldp.dll
0x00007ff808d80000 - 0x00007ff808e2d000 	C:\Windows\System32\SHCORE.dll
0x00007ff809da0000 - 0x00007ff809df5000 	C:\Windows\System32\shlwapi.dll
0x00007ff808360000 - 0x00007ff80837f000 	C:\Windows\SYSTEM32\profapi.dll
0x00007ff8031c0000 - 0x00007ff8031cd000 	D:\Program Files\Java\jdk1.8.0_202\jre\bin\management.dll
0x00007ffffa960000 - 0x00007ffffa97a000 	D:\Program Files\Java\jdk1.8.0_202\jre\bin\net.dll
0x00007ffffb680000 - 0x00007ffffb86c000 	C:\Windows\SYSTEM32\urlmon.dll
0x00007ffffb250000 - 0x00007ffffb501000 	C:\Windows\SYSTEM32\iertutil.dll
0x00007ffffb650000 - 0x00007ffffb678000 	C:\Windows\SYSTEM32\srvcli.dll
0x00007ff807900000 - 0x00007ff80790c000 	C:\Windows\SYSTEM32\netutils.dll
0x00007ff807b00000 - 0x00007ff807b6a000 	C:\Windows\system32\mswsock.dll
0x00007ffffb230000 - 0x00007ffffb247000 	C:\Windows\system32\napinsp.dll
0x00007ffffb160000 - 0x00007ffffb17b000 	C:\Windows\system32\pnrpnsp.dll
0x00007ff8034f0000 - 0x00007ff803505000 	C:\Windows\system32\wshbth.dll
0x00007ff8019a0000 - 0x00007ff8019bd000 	C:\Windows\system32\NLAapi.dll
0x00007ff8077f0000 - 0x00007ff80782c000 	C:\Windows\SYSTEM32\IPHLPAPI.DLL
0x00007ff807830000 - 0x00007ff8078fb000 	C:\Windows\SYSTEM32\DNSAPI.dll
0x00007ff809500000 - 0x00007ff809508000 	C:\Windows\System32\NSI.dll
0x00007ffffafb0000 - 0x00007ffffafc2000 	C:\Windows\System32\winrnr.dll
0x00007ffffe9c0000 - 0x00007ffffe9ca000 	C:\Windows\System32\rasadhlp.dll
0x00007ffffea70000 - 0x00007ffffeaf0000 	C:\Windows\System32\fwpuclnt.dll
0x00007ff808d40000 - 0x00007ff808d67000 	C:\Windows\System32\bcrypt.dll
0x00007ffff6610000 - 0x00007ffff6622000 	D:\Program Files\Java\jdk1.8.0_202\jre\bin\nio.dll
0x00007ff807d00000 - 0x00007ff807d18000 	C:\Windows\SYSTEM32\CRYPTSP.dll
0x00007ff807420000 - 0x00007ff807454000 	C:\Windows\system32\rsaenh.dll
0x00007ff808320000 - 0x00007ff80834e000 	C:\Windows\SYSTEM32\USERENV.dll
0x00007ff8088f0000 - 0x00007ff808972000 	C:\Windows\System32\bcryptprimitives.dll
0x00007ff807cf0000 - 0x00007ff807cfc000 	C:\Windows\SYSTEM32\CRYPTBASE.dll
0x00007ff800290000 - 0x00007ff8002a7000 	C:\Windows\SYSTEM32\dhcpcsvc6.DLL
0x00007ff8003d0000 - 0x00007ff8003ed000 	C:\Windows\SYSTEM32\dhcpcsvc.DLL

VM Arguments:
jvm_args: -Dfile.encoding=UTF-8 
java_command: com.tobuz.SpringBootWebApplication
java_class_path (initial): D:\React\spring-boot-demo\target\classes;C:\Users\user\.m2\repository\org\springframework\boot\spring-boot-starter-web\1.5.21.RELEASE\spring-boot-starter-web-1.5.21.RELEASE.jar;C:\Users\user\.m2\repository\org\springframework\boot\spring-boot-starter\2.1.4.RELEASE\spring-boot-starter-2.1.4.RELEASE.jar;C:\Users\user\.m2\repository\org\springframework\boot\spring-boot-starter-logging\2.1.4.RELEASE\spring-boot-starter-logging-2.1.4.RELEASE.jar;C:\Users\user\.m2\repository\ch\qos\logback\logback-classic\1.2.3\logback-classic-1.2.3.jar;C:\Users\user\.m2\repository\ch\qos\logback\logback-core\1.2.3\logback-core-1.2.3.jar;C:\Users\user\.m2\repository\org\apache\logging\log4j\log4j-to-slf4j\2.11.2\log4j-to-slf4j-2.11.2.jar;C:\Users\user\.m2\repository\org\apache\logging\log4j\log4j-api\2.11.2\log4j-api-2.11.2.jar;C:\Users\user\.m2\repository\org\slf4j\jul-to-slf4j\1.7.26\jul-to-slf4j-1.7.26.jar;C:\Users\user\.m2\repository\org\yaml\snakeyaml\1.23\snakeyaml-1.23.jar;C:\Users\user\.m2\repository\org\hibernate\hibernate-validator\5.3.6.Final\hibernate-validator-5.3.6.Final.jar;C:\Users\user\.m2\repository\javax\validation\validation-api\2.0.1.Final\validation-api-2.0.1.Final.jar;C:\Users\user\.m2\repository\org\jboss\logging\jboss-logging\3.3.2.Final\jboss-logging-3.3.2.Final.jar;C:\Users\user\.m2\repository\com\fasterxml\classmate\1.4.0\classmate-1.4.0.jar;C:\Users\user\.m2\repository\com\fasterxml\jackson\core\jackson-databind\2.9.8\jackson-databind-2.9.8.jar;C:\Users\user\.m2\repository\com\fasterxml\jackson\core\jackson-annotations\2.9.0\jackson-annotations-2.9.0.jar;C:\Users\user\.m2\repository\org\springframework\spring-webmvc\5.1.6.RELEASE\spring-webmvc-5.1.6.RELEASE.jar;C:\Users\user\.m2\repository\org\springframework\spring-aop\5.1.6.RELEASE\spring-aop-5.1.6.RELEASE.jar;C:\Users\user\.m2\repository\org\springframework\spring-context\5.1.6.RELEASE\spring-context-5.1.6.RELEASE.jar;C:\Users\user\.m2\repository\org\springframework\spring-expre
Launcher Type: SUN_STANDARD

Environment Variables:
JAVA_HOME=D:\Program Files\Java\jdk1.8.0_202
PATH=D:/Ajish/eclipse-jee-2021-12-R-win32-x86_64/eclipse//plugins/org.eclipse.justj.openjdk.hotspot.jre.full.win32.x86_64_17.0.1.v20211116-1657/jre/bin/server;D:/Ajish/eclipse-jee-2021-12-R-win32-x86_64/eclipse//plugins/org.eclipse.justj.openjdk.hotspot.jre.full.win32.x86_64_17.0.1.v20211116-1657/jre/bin;C:\Windows\system32;C:\Windows;C:\Windows\System32\Wbem;C:\Windows\System32\WindowsPowerShell\v1.0\;C:\Windows\System32\OpenSSH\;C:\Program Files (x86)\sbt\bin;C:\Program Files\PuTTY\;D:\Program Files\Java\jdk1.8.0_202\bin;C:\Program Files\nodejs\;C:\Users\user\AppData\Local\Microsoft\WindowsApps;C:\Program Files (x86)\sbt\bin;D:\Program Files\Java\jdk1.8.0_202\bin;C:\Users\user\AppData\Roaming\npm;C:\Program Files\nodejs;C:\apache-maven-3.9.0\bin;D:\Program Files\Git\bin;;D:\Ajish\eclipse-jee-2021-12-R-win32-x86_64\eclipse;
USERNAME=user
OS=Windows_NT
PROCESSOR_IDENTIFIER=Intel64 Family 6 Model 126 Stepping 5, GenuineIntel



---------------  S Y S T E M  ---------------

OS: Windows 10.0 , 64 bit Build 19041 (10.0.19041.2788)

CPU:total 4 (initial active 4) (2 cores per cpu, 2 threads per core) family 6 model 126 stepping 5, cmov, cx8, fxsr, mmx, sse, sse2, sse3, ssse3, sse4.1, sse4.2, popcnt, avx, avx2, aes, clmul, erms, 3dnowpref, lzcnt, ht, tsc, tscinvbit, bmi1, bmi2, adx

Memory: 4k page, physical 8149076k(294596k free), swap 23697176k(2508k free)

vm_info: Java HotSpot(TM) 64-Bit Server VM (25.202-b08) for windows-amd64 JRE (1.8.0_202-b08), built on Dec 15 2018 19:54:30 by "java_re" with MS VC++ 10.0 (VS2010)

time: Sun Apr 16 18:58:54 2023
timezone: India Standard Time
elapsed time: 11 seconds (0d 0h 0m 11s)

